#! /c/Source/iverilog-install/bin/vvp
:ivl_version "12.0 (devel)" "(s20150603-1539-g2693dd32b)";
:ivl_delay_selection "TYPICAL";
:vpi_time_precision + 0;
:vpi_module "C:\iverilog\lib\ivl\system.vpi";
:vpi_module "C:\iverilog\lib\ivl\vhdl_sys.vpi";
:vpi_module "C:\iverilog\lib\ivl\vhdl_textio.vpi";
:vpi_module "C:\iverilog\lib\ivl\v2005_math.vpi";
:vpi_module "C:\iverilog\lib\ivl\va_math.vpi";
S_0000015d5a68a870 .scope module, "I2C_Master" "I2C_Master" 2 1;
 .timescale 0 0;
    .port_info 0 /INPUT 8 "Data_in";
    .port_info 1 /INPUT 8 "Reg_addr";
    .port_info 2 /INPUT 7 "Dev_addr";
    .port_info 3 /INPUT 1 "clk";
    .port_info 4 /INPUT 1 "rst";
    .port_info 5 /INPUT 1 "RW_sel";
    .port_info 6 /INPUT 1 "SDA_in";
    .port_info 7 /OUTPUT 1 "SDA_out";
    .port_info 8 /OUTPUT 1 "SCL_out";
P_0000015d5a6a24d0 .param/l "STATE_ACK_DATA" 1 2 27, C4<1001>;
P_0000015d5a6a2508 .param/l "STATE_ACK_REG" 1 2 22, C4<0110>;
P_0000015d5a6a2540 .param/l "STATE_ACK_W" 1 2 19, C4<0100>;
P_0000015d5a6a2578 .param/l "STATE_DEV_SEL" 1 2 17, C4<0010>;
P_0000015d5a6a25b0 .param/l "STATE_IDLE" 1 2 15, C4<0000>;
P_0000015d5a6a25e8 .param/l "STATE_NACK" 1 2 28, C4<1010>;
P_0000015d5a6a2620 .param/l "STATE_READ" 1 2 24, C4<0111>;
P_0000015d5a6a2658 .param/l "STATE_REG_SEL" 1 2 21, C4<0101>;
P_0000015d5a6a2690 .param/l "STATE_RESTART" 1 2 31, C4<1100>;
P_0000015d5a6a26c8 .param/l "STATE_RW" 1 2 18, C4<0011>;
P_0000015d5a6a2700 .param/l "STATE_START" 1 2 16, C4<0001>;
P_0000015d5a6a2738 .param/l "STATE_STOP" 1 2 29, C4<1011>;
P_0000015d5a6a2770 .param/l "STATE_WRITE" 1 2 25, C4<1000>;
L_0000015d5a6ec1a0 .functor BUFZ 1, v0000015d5a6d3640_0, C4<0>, C4<0>, C4<0>;
o0000015d5a6faf68 .functor BUFZ 8, C4<zzzzzzzz>; HiZ drive
v0000015d5a6ce4a0_0 .net "Data_in", 7 0, o0000015d5a6faf68;  0 drivers
o0000015d5a6faf98 .functor BUFZ 7, C4<zzzzzzz>; HiZ drive
v0000015d5a6a2cc0_0 .net "Dev_addr", 6 0, o0000015d5a6faf98;  0 drivers
o0000015d5a6fafc8 .functor BUFZ 1, C4<z>; HiZ drive
v0000015d5a6a27b0_0 .net "RW_sel", 0 0, o0000015d5a6fafc8;  0 drivers
o0000015d5a6faff8 .functor BUFZ 8, C4<zzzzzzzz>; HiZ drive
v0000015d5a6a2850_0 .net "Reg_addr", 7 0, o0000015d5a6faff8;  0 drivers
v0000015d5a6a28f0_0 .net "SCL", 0 0, L_0000015d5a6ec1a0;  1 drivers
v0000015d5a6d3640_0 .var "SCL_out", 0 0;
v0000015d5a6d36e0_0 .net "SDA", 0 0, L_0000015d5a748760;  1 drivers
o0000015d5a6fb0b8 .functor BUFZ 1, C4<z>; HiZ drive
v0000015d5a6d3780_0 .net "SDA_in", 0 0, o0000015d5a6fb0b8;  0 drivers
v0000015d5a6d3820_0 .var "SDA_out", 0 0;
v0000015d5a6d38c0_0 .var "bit_count", 3 0;
o0000015d5a6fb148 .functor BUFZ 1, C4<z>; HiZ drive
v0000015d5a6d3960_0 .net "clk", 0 0, o0000015d5a6fb148;  0 drivers
v0000015d5a6d3a00_0 .var "count", 7 0;
v0000015d5a6d3aa0_0 .var "next_state", 3 0;
o0000015d5a6fb1d8 .functor BUFZ 1, C4<z>; HiZ drive
v0000015d5a7488a0_0 .net "rst", 0 0, o0000015d5a6fb1d8;  0 drivers
v0000015d5a748300_0 .var "state", 3 0;
E_0000015d5a6cbc80 .event posedge, v0000015d5a6d3960_0;
E_0000015d5a6cbcc0/0 .event anyedge, v0000015d5a748300_0, v0000015d5a7488a0_0, v0000015d5a6d3a00_0, v0000015d5a6a27b0_0;
E_0000015d5a6cbcc0/1 .event anyedge, v0000015d5a6d3780_0;
E_0000015d5a6cbcc0 .event/or E_0000015d5a6cbcc0/0, E_0000015d5a6cbcc0/1;
L_0000015d5a748760 .arith/sum 1, o0000015d5a6fb0b8, v0000015d5a6d3820_0;
    .scope S_0000015d5a68a870;
T_0 ;
    %pushi/vec4 0, 0, 4;
    %store/vec4 v0000015d5a748300_0, 0, 4;
    %pushi/vec4 0, 0, 4;
    %store/vec4 v0000015d5a6d3aa0_0, 0, 4;
    %pushi/vec4 0, 0, 4;
    %store/vec4 v0000015d5a6d38c0_0, 0, 4;
    %end;
    .thread T_0;
    .scope S_0000015d5a68a870;
T_1 ;
    %wait E_0000015d5a6cbc80;
    %load/vec4 v0000015d5a7488a0_0;
    %nor/r;
    %flag_set/vec4 8;
    %jmp/0xz  T_1.0, 8;
    %pushi/vec4 0, 0, 4;
    %assign/vec4 v0000015d5a748300_0, 0;
    %jmp T_1.1;
T_1.0 ;
    %load/vec4 v0000015d5a6d3aa0_0;
    %assign/vec4 v0000015d5a748300_0, 0;
T_1.1 ;
    %jmp T_1;
    .thread T_1;
    .scope S_0000015d5a68a870;
T_2 ;
    %wait E_0000015d5a6cbcc0;
    %load/vec4 v0000015d5a748300_0;
    %dup/vec4;
    %pushi/vec4 0, 0, 4;
    %cmp/u;
    %jmp/1 T_2.0, 6;
    %dup/vec4;
    %pushi/vec4 1, 0, 4;
    %cmp/u;
    %jmp/1 T_2.1, 6;
    %dup/vec4;
    %pushi/vec4 2, 0, 4;
    %cmp/u;
    %jmp/1 T_2.2, 6;
    %dup/vec4;
    %pushi/vec4 3, 0, 4;
    %cmp/u;
    %jmp/1 T_2.3, 6;
    %dup/vec4;
    %pushi/vec4 4, 0, 4;
    %cmp/u;
    %jmp/1 T_2.4, 6;
    %dup/vec4;
    %pushi/vec4 5, 0, 4;
    %cmp/u;
    %jmp/1 T_2.5, 6;
    %dup/vec4;
    %pushi/vec4 6, 0, 4;
    %cmp/u;
    %jmp/1 T_2.6, 6;
    %dup/vec4;
    %pushi/vec4 7, 0, 4;
    %cmp/u;
    %jmp/1 T_2.7, 6;
    %dup/vec4;
    %pushi/vec4 8, 0, 4;
    %cmp/u;
    %jmp/1 T_2.8, 6;
    %dup/vec4;
    %pushi/vec4 9, 0, 4;
    %cmp/u;
    %jmp/1 T_2.9, 6;
    %dup/vec4;
    %pushi/vec4 10, 0, 4;
    %cmp/u;
    %jmp/1 T_2.10, 6;
    %dup/vec4;
    %pushi/vec4 11, 0, 4;
    %cmp/u;
    %jmp/1 T_2.11, 6;
    %dup/vec4;
    %pushi/vec4 12, 0, 4;
    %cmp/u;
    %jmp/1 T_2.12, 6;
    %pushi/vec4 0, 0, 4;
    %store/vec4 v0000015d5a6d3aa0_0, 0, 4;
    %jmp T_2.14;
T_2.0 ;
    %load/vec4 v0000015d5a7488a0_0;
    %flag_set/vec4 8;
    %jmp/0xz  T_2.15, 8;
    %pushi/vec4 1, 0, 4;
    %store/vec4 v0000015d5a6d3aa0_0, 0, 4;
    %jmp T_2.16;
T_2.15 ;
    %pushi/vec4 0, 0, 4;
    %store/vec4 v0000015d5a6d3aa0_0, 0, 4;
T_2.16 ;
    %jmp T_2.14;
T_2.1 ;
    %load/vec4 v0000015d5a6d3a00_0;
    %cmpi/u 29, 0, 8;
    %flag_inv 5; GE is !LT
    %jmp/0xz  T_2.17, 5;
    %pushi/vec4 2, 0, 4;
    %store/vec4 v0000015d5a6d3aa0_0, 0, 4;
    %jmp T_2.18;
T_2.17 ;
    %pushi/vec4 0, 0, 4;
    %store/vec4 v0000015d5a6d3aa0_0, 0, 4;
T_2.18 ;
    %jmp T_2.14;
T_2.2 ;
    %load/vec4 v0000015d5a6d3a00_0;
    %cmpi/e 22, 0, 8;
    %jmp/0xz  T_2.19, 4;
    %pushi/vec4 3, 0, 4;
    %store/vec4 v0000015d5a6d3aa0_0, 0, 4;
    %jmp T_2.20;
T_2.19 ;
    %load/vec4 v0000015d5a6d3a00_0;
    %pushi/vec4 13, 0, 8;
    %cmp/e;
    %flag_get/vec4 4;
    %load/vec4 v0000015d5a6a27b0_0;
    %and;
    %flag_set/vec4 8;
    %jmp/0xz  T_2.21, 8;
    %pushi/vec4 3, 0, 4;
    %store/vec4 v0000015d5a6d3aa0_0, 0, 4;
    %jmp T_2.22;
T_2.21 ;
    %pushi/vec4 2, 0, 4;
    %store/vec4 v0000015d5a6d3aa0_0, 0, 4;
T_2.22 ;
T_2.20 ;
    %jmp T_2.14;
T_2.3 ;
    %load/vec4 v0000015d5a6d3a00_0;
    %cmpi/e 21, 0, 8;
    %jmp/0xz  T_2.23, 4;
    %pushi/vec4 4, 0, 4;
    %store/vec4 v0000015d5a6d3aa0_0, 0, 4;
    %jmp T_2.24;
T_2.23 ;
    %load/vec4 v0000015d5a6d3a00_0;
    %pushi/vec4 12, 0, 8;
    %cmp/e;
    %flag_get/vec4 4;
    %load/vec4 v0000015d5a6a27b0_0;
    %and;
    %flag_set/vec4 8;
    %jmp/0xz  T_2.25, 8;
    %pushi/vec4 4, 0, 4;
    %store/vec4 v0000015d5a6d3aa0_0, 0, 4;
    %jmp T_2.26;
T_2.25 ;
    %pushi/vec4 0, 0, 4;
    %store/vec4 v0000015d5a6d3aa0_0, 0, 4;
T_2.26 ;
T_2.24 ;
    %jmp T_2.14;
T_2.4 ;
    %load/vec4 v0000015d5a6d3a00_0;
    %pushi/vec4 20, 0, 8;
    %cmp/e;
    %flag_get/vec4 4;
    %load/vec4 v0000015d5a6d3780_0;
    %pad/u 32;
    %pushi/vec4 0, 0, 32;
    %cmp/e;
    %flag_get/vec4 4;
    %and;
    %flag_set/vec4 8;
    %jmp/0xz  T_2.27, 8;
    %pushi/vec4 5, 0, 4;
    %store/vec4 v0000015d5a6d3aa0_0, 0, 4;
    %jmp T_2.28;
T_2.27 ;
    %load/vec4 v0000015d5a6d3a00_0;
    %pushi/vec4 11, 0, 8;
    %cmp/e;
    %flag_get/vec4 4;
    %load/vec4 v0000015d5a6a27b0_0;
    %and;
    %flag_set/vec4 8;
    %jmp/0xz  T_2.29, 8;
    %pushi/vec4 7, 0, 4;
    %store/vec4 v0000015d5a6d3aa0_0, 0, 4;
    %jmp T_2.30;
T_2.29 ;
    %pushi/vec4 0, 0, 4;
    %store/vec4 v0000015d5a6d3aa0_0, 0, 4;
T_2.30 ;
T_2.28 ;
    %jmp T_2.14;
T_2.5 ;
    %load/vec4 v0000015d5a6d3a00_0;
    %cmpi/e 12, 0, 8;
    %jmp/0xz  T_2.31, 4;
    %pushi/vec4 6, 0, 4;
    %store/vec4 v0000015d5a6d3aa0_0, 0, 4;
    %jmp T_2.32;
T_2.31 ;
    %pushi/vec4 5, 0, 4;
    %store/vec4 v0000015d5a6d3aa0_0, 0, 4;
T_2.32 ;
    %jmp T_2.14;
T_2.6 ;
    %load/vec4 v0000015d5a6d3a00_0;
    %pushi/vec4 11, 0, 8;
    %cmp/e;
    %flag_get/vec4 4;
    %load/vec4 v0000015d5a6d3780_0;
    %pad/u 32;
    %pushi/vec4 0, 0, 32;
    %cmp/e;
    %flag_get/vec4 4;
    %and;
    %flag_set/vec4 8;
    %jmp/0xz  T_2.33, 8;
    %load/vec4 v0000015d5a6a27b0_0;
    %flag_set/vec4 8;
    %jmp/0xz  T_2.35, 8;
    %pushi/vec4 12, 0, 4;
    %store/vec4 v0000015d5a6d3aa0_0, 0, 4;
    %jmp T_2.36;
T_2.35 ;
    %pushi/vec4 8, 0, 4;
    %store/vec4 v0000015d5a6d3aa0_0, 0, 4;
T_2.36 ;
    %jmp T_2.34;
T_2.33 ;
    %pushi/vec4 0, 0, 4;
    %store/vec4 v0000015d5a6d3aa0_0, 0, 4;
T_2.34 ;
    %jmp T_2.14;
T_2.7 ;
    %load/vec4 v0000015d5a6d3a00_0;
    %cmpi/e 3, 0, 8;
    %jmp/0xz  T_2.37, 4;
    %pushi/vec4 10, 0, 4;
    %store/vec4 v0000015d5a6d3aa0_0, 0, 4;
    %jmp T_2.38;
T_2.37 ;
    %pushi/vec4 7, 0, 4;
    %store/vec4 v0000015d5a6d3aa0_0, 0, 4;
T_2.38 ;
    %jmp T_2.14;
T_2.8 ;
    %load/vec4 v0000015d5a6d3a00_0;
    %cmpi/e 3, 0, 8;
    %jmp/0xz  T_2.39, 4;
    %pushi/vec4 9, 0, 4;
    %store/vec4 v0000015d5a6d3aa0_0, 0, 4;
    %jmp T_2.40;
T_2.39 ;
    %pushi/vec4 8, 0, 4;
    %store/vec4 v0000015d5a6d3aa0_0, 0, 4;
T_2.40 ;
    %jmp T_2.14;
T_2.9 ;
    %load/vec4 v0000015d5a6d3a00_0;
    %cmpi/e 2, 0, 8;
    %jmp/0xz  T_2.41, 4;
    %pushi/vec4 11, 0, 4;
    %store/vec4 v0000015d5a6d3aa0_0, 0, 4;
    %jmp T_2.42;
T_2.41 ;
    %pushi/vec4 0, 0, 4;
    %store/vec4 v0000015d5a6d3aa0_0, 0, 4;
T_2.42 ;
    %jmp T_2.14;
T_2.10 ;
    %load/vec4 v0000015d5a6d3a00_0;
    %cmpi/e 2, 0, 8;
    %jmp/0xz  T_2.43, 4;
    %pushi/vec4 11, 0, 4;
    %store/vec4 v0000015d5a6d3aa0_0, 0, 4;
    %jmp T_2.44;
T_2.43 ;
    %pushi/vec4 0, 0, 4;
    %store/vec4 v0000015d5a6d3aa0_0, 0, 4;
T_2.44 ;
    %jmp T_2.14;
T_2.11 ;
    %load/vec4 v0000015d5a6d3a00_0;
    %cmpi/e 1, 0, 8;
    %jmp/0xz  T_2.45, 4;
    %pushi/vec4 0, 0, 4;
    %store/vec4 v0000015d5a6d3aa0_0, 0, 4;
    %jmp T_2.46;
T_2.45 ;
    %pushi/vec4 0, 0, 4;
    %store/vec4 v0000015d5a6d3aa0_0, 0, 4;
T_2.46 ;
    %jmp T_2.14;
T_2.12 ;
    %load/vec4 v0000015d5a6d3a00_0;
    %cmpi/e 10, 0, 8;
    %jmp/0xz  T_2.47, 4;
    %pushi/vec4 2, 0, 4;
    %store/vec4 v0000015d5a6d3aa0_0, 0, 4;
    %jmp T_2.48;
T_2.47 ;
    %pushi/vec4 0, 0, 4;
    %store/vec4 v0000015d5a6d3aa0_0, 0, 4;
T_2.48 ;
    %jmp T_2.14;
T_2.14 ;
    %pop/vec4 1;
    %jmp T_2;
    .thread T_2, $push;
    .scope S_0000015d5a68a870;
T_3 ;
    %wait E_0000015d5a6cbc80;
    %load/vec4 v0000015d5a748300_0;
    %dup/vec4;
    %pushi/vec4 0, 0, 4;
    %cmp/u;
    %jmp/1 T_3.0, 6;
    %dup/vec4;
    %pushi/vec4 1, 0, 4;
    %cmp/u;
    %jmp/1 T_3.1, 6;
    %dup/vec4;
    %pushi/vec4 2, 0, 4;
    %cmp/u;
    %jmp/1 T_3.2, 6;
    %dup/vec4;
    %pushi/vec4 3, 0, 4;
    %cmp/u;
    %jmp/1 T_3.3, 6;
    %dup/vec4;
    %pushi/vec4 4, 0, 4;
    %cmp/u;
    %jmp/1 T_3.4, 6;
    %dup/vec4;
    %pushi/vec4 5, 0, 4;
    %cmp/u;
    %jmp/1 T_3.5, 6;
    %dup/vec4;
    %pushi/vec4 6, 0, 4;
    %cmp/u;
    %jmp/1 T_3.6, 6;
    %dup/vec4;
    %pushi/vec4 8, 0, 4;
    %cmp/u;
    %jmp/1 T_3.7, 6;
    %dup/vec4;
    %pushi/vec4 7, 0, 4;
    %cmp/u;
    %jmp/1 T_3.8, 6;
    %dup/vec4;
    %pushi/vec4 9, 0, 4;
    %cmp/u;
    %jmp/1 T_3.9, 6;
    %dup/vec4;
    %pushi/vec4 10, 0, 4;
    %cmp/u;
    %jmp/1 T_3.10, 6;
    %dup/vec4;
    %pushi/vec4 11, 0, 4;
    %cmp/u;
    %jmp/1 T_3.11, 6;
    %dup/vec4;
    %pushi/vec4 12, 0, 4;
    %cmp/u;
    %jmp/1 T_3.12, 6;
    %jmp T_3.13;
T_3.0 ;
    %pushi/vec4 1, 0, 1;
    %assign/vec4 v0000015d5a6d3640_0, 0;
    %pushi/vec4 1, 0, 1;
    %assign/vec4 v0000015d5a6d3820_0, 0;
    %pushi/vec4 0, 0, 4;
    %assign/vec4 v0000015d5a6d38c0_0, 0;
    %jmp T_3.13;
T_3.1 ;
    %pushi/vec4 0, 0, 1;
    %assign/vec4 v0000015d5a6d3820_0, 0;
    %pushi/vec4 7, 0, 4;
    %assign/vec4 v0000015d5a6d38c0_0, 0;
    %jmp T_3.13;
T_3.2 ;
    %load/vec4 v0000015d5a6d38c0_0;
    %cmpi/ne 0, 0, 4;
    %jmp/0xz  T_3.14, 4;
    %load/vec4 v0000015d5a6a2cc0_0;
    %load/vec4 v0000015d5a6d38c0_0;
    %subi 1, 0, 4;
    %part/u 1;
    %flag_set/vec4 8;
    %jmp/0xz  T_3.16, 8;
    %pushi/vec4 1, 0, 1;
    %assign/vec4 v0000015d5a6d3820_0, 0;
    %jmp T_3.17;
T_3.16 ;
    %pushi/vec4 0, 0, 1;
    %assign/vec4 v0000015d5a6d3820_0, 0;
T_3.17 ;
T_3.14 ;
    %load/vec4 v0000015d5a6d38c0_0;
    %subi 1, 0, 4;
    %store/vec4 v0000015d5a6d38c0_0, 0, 4;
    %jmp T_3.13;
T_3.3 ;
    %load/vec4 v0000015d5a6a27b0_0;
    %pad/u 32;
    %pushi/vec4 1, 0, 32;
    %cmp/e;
    %flag_get/vec4 4;
    %load/vec4 v0000015d5a6d3a00_0;
    %pushi/vec4 12, 0, 8;
    %cmp/e;
    %flag_get/vec4 4;
    %and;
    %flag_set/vec4 8;
    %jmp/0xz  T_3.18, 8;
    %pushi/vec4 1, 0, 1;
    %assign/vec4 v0000015d5a6d3820_0, 0;
    %jmp T_3.19;
T_3.18 ;
    %pushi/vec4 0, 0, 1;
    %assign/vec4 v0000015d5a6d3820_0, 0;
T_3.19 ;
    %jmp T_3.13;
T_3.4 ;
    %pushi/vec4 0, 0, 1;
    %assign/vec4 v0000015d5a6d3820_0, 0;
    %pushi/vec4 8, 0, 4;
    %assign/vec4 v0000015d5a6d38c0_0, 0;
    %jmp T_3.13;
T_3.5 ;
    %load/vec4 v0000015d5a6d38c0_0;
    %cmpi/ne 0, 0, 4;
    %jmp/0xz  T_3.20, 4;
    %load/vec4 v0000015d5a6a2850_0;
    %load/vec4 v0000015d5a6d38c0_0;
    %subi 1, 0, 4;
    %part/u 1;
    %flag_set/vec4 8;
    %jmp/0xz  T_3.22, 8;
    %pushi/vec4 1, 0, 1;
    %assign/vec4 v0000015d5a6d3820_0, 0;
    %jmp T_3.23;
T_3.22 ;
    %pushi/vec4 0, 0, 1;
    %assign/vec4 v0000015d5a6d3820_0, 0;
T_3.23 ;
T_3.20 ;
    %load/vec4 v0000015d5a6d38c0_0;
    %subi 1, 0, 4;
    %store/vec4 v0000015d5a6d38c0_0, 0, 4;
    %jmp T_3.13;
T_3.6 ;
    %pushi/vec4 0, 0, 1;
    %assign/vec4 v0000015d5a6d3820_0, 0;
    %load/vec4 v0000015d5a6a27b0_0;
    %flag_set/vec4 8;
    %jmp/0xz  T_3.24, 8;
    %pushi/vec4 0, 0, 4;
    %assign/vec4 v0000015d5a6d38c0_0, 0;
    %jmp T_3.25;
T_3.24 ;
    %pushi/vec4 8, 0, 4;
    %assign/vec4 v0000015d5a6d38c0_0, 0;
T_3.25 ;
    %jmp T_3.13;
T_3.7 ;
    %load/vec4 v0000015d5a6d38c0_0;
    %cmpi/ne 0, 0, 4;
    %jmp/0xz  T_3.26, 4;
    %load/vec4 v0000015d5a6ce4a0_0;
    %load/vec4 v0000015d5a6d38c0_0;
    %subi 1, 0, 4;
    %part/u 1;
    %flag_set/vec4 8;
    %jmp/0xz  T_3.28, 8;
    %pushi/vec4 1, 0, 1;
    %assign/vec4 v0000015d5a6d3820_0, 0;
    %jmp T_3.29;
T_3.28 ;
    %pushi/vec4 0, 0, 1;
    %assign/vec4 v0000015d5a6d3820_0, 0;
T_3.29 ;
T_3.26 ;
    %load/vec4 v0000015d5a6d38c0_0;
    %subi 1, 0, 4;
    %assign/vec4 v0000015d5a6d38c0_0, 0;
    %jmp T_3.13;
T_3.8 ;
    %pushi/vec4 0, 0, 1;
    %assign/vec4 v0000015d5a6d3820_0, 0;
    %load/vec4 v0000015d5a6d38c0_0;
    %subi 1, 0, 4;
    %assign/vec4 v0000015d5a6d38c0_0, 0;
    %jmp T_3.13;
T_3.9 ;
    %pushi/vec4 0, 0, 1;
    %assign/vec4 v0000015d5a6d3820_0, 0;
    %jmp T_3.13;
T_3.10 ;
    %pushi/vec4 1, 0, 1;
    %assign/vec4 v0000015d5a6d3820_0, 0;
    %jmp T_3.13;
T_3.11 ;
    %pushi/vec4 1, 0, 1;
    %assign/vec4 v0000015d5a6d3820_0, 0;
    %jmp T_3.13;
T_3.12 ;
    %pushi/vec4 0, 0, 1;
    %assign/vec4 v0000015d5a6d3820_0, 0;
    %pushi/vec4 7, 0, 4;
    %assign/vec4 v0000015d5a6d38c0_0, 0;
    %jmp T_3.13;
T_3.13 ;
    %pop/vec4 1;
    %jmp T_3;
    .thread T_3;
    .scope S_0000015d5a68a870;
T_4 ;
    %wait E_0000015d5a6cbc80;
    %load/vec4 v0000015d5a7488a0_0;
    %nor/r;
    %flag_set/vec4 8;
    %jmp/0xz  T_4.0, 8;
    %pushi/vec4 31, 0, 8;
    %assign/vec4 v0000015d5a6d3a00_0, 0;
    %jmp T_4.1;
T_4.0 ;
    %load/vec4 v0000015d5a6d3a00_0;
    %cmpi/u 0, 0, 8;
    %flag_or 5, 4; GT is !LE
    %flag_inv 5;
    %jmp/0xz  T_4.2, 5;
    %load/vec4 v0000015d5a6d3a00_0;
    %subi 1, 0, 8;
    %assign/vec4 v0000015d5a6d3a00_0, 0;
    %load/vec4 v0000015d5a748300_0;
    %cmpi/e 12, 0, 4;
    %jmp/0xz  T_4.4, 4;
    %load/vec4 v0000015d5a6d3a00_0;
    %addi 9, 0, 8;
    %assign/vec4 v0000015d5a6d3a00_0, 0;
T_4.4 ;
    %jmp T_4.3;
T_4.2 ;
    %pushi/vec4 31, 0, 8;
    %assign/vec4 v0000015d5a6d3a00_0, 0;
T_4.3 ;
T_4.1 ;
    %jmp T_4;
    .thread T_4;
    .scope S_0000015d5a68a870;
T_5 ;
    %wait E_0000015d5a6cbc80;
    %load/vec4 v0000015d5a748300_0;
    %cmpi/u 1, 0, 4;
    %flag_or 5, 4; GT is !LE
    %flag_inv 5;
    %jmp/0xz  T_5.0, 5;
    %load/vec4 v0000015d5a6d3640_0;
    %pushi/vec4 1, 0, 1;
    %xor;
    %assign/vec4 v0000015d5a6d3640_0, 0;
    %jmp T_5.1;
T_5.0 ;
    %pushi/vec4 1, 0, 1;
    %assign/vec4 v0000015d5a6d3640_0, 0;
T_5.1 ;
    %jmp T_5;
    .thread T_5;
# The file index is used to find the file name in the following table.
:file_names 3;
    "N/A";
    "<interactive>";
    "I2C_Master.v";
